<?xml version="1.0" encoding="UTF-8"?>
<!-- Generated by org.testng.reporters.JUnitReportReporter -->
<testsuite skipped="0" hostname="mushfik" name="Testing1.Academy.homepage" tests="2" failures="0" timestamp="2019-12-30T23:16:17 EST" time="2.311" errors="0">
  <testcase name="landing" time="0.698" classname="Testing1.Academy.homepage"/>
  <system-out/>
  <testcase name="landing" time="1.613" classname="Testing1.Academy.homepage"/>
  <system-out/>
</testsuite> <!-- Testing1.Academy.homepage -->
